<?xml version="1.0" encoding="utf-8"?><testsuites name="pytest tests"><testsuite name="pytest" errors="0" failures="0" skipped="0" tests="18" time="2.291" timestamp="2026-09-12T12:48:33.189665+00:00" hostname="agent-env-8a372656-46e0-40f6-8de7-4c5ccebcc930"><testcase classname="backend.tests.test_anpabelt_api.TestPublicPages" name="test_page_loads[/-Anpabelt]" time="0.189" /><testcase classname="backend.tests.test_anpabelt_api.TestPublicPages" name="test_page_loads[/about-About]" time="0.078" /><testcase classname="backend.tests.test_anpabelt_api.TestPublicPages" name="test_page_loads[/projects-Projects]" time="0.073" /><testcase classname="backend.tests.test_anpabelt_api.TestPublicPages" name="test_page_loads[/blog-Blog]" time="0.071" /><testcase classname="backend.tests.test_anpabelt_api.TestPublicPages" name="test_page_loads[/contact-Contact]" time="0.067" /><testcase classname="backend.tests.test_anpabelt_api.TestPublicPages" name="test_home_content" time="0.067" /><testcase classname="backend.tests.test_anpabelt_api.TestPublicPages" name="test_sitemap" time="0.062" /><testcase classname="backend.tests.test_anpabelt_api.TestPublicPages" name="test_robots" time="0.059" /><testcase classname="backend.tests.test_anpabelt_api.TestPublicPages" name="test_404_nonexistent_slug" time="0.074" /><testcase classname="backend.tests.test_anpabelt_api.TestAuth" name="test_admin_requires_login" time="0.061" /><testcase classname="backend.tests.test_anpabelt_api.TestAuth" name="test_login_wrong_password" time="0.146" /><testcase classname="backend.tests.test_anpabelt_api.TestAuth" name="test_login_success" time="0.193" /><testcase classname="backend.tests.test_anpabelt_api.TestAuth" name="test_posts_requires_auth" time="0.067" /><testcase classname="backend.tests.test_anpabelt_api.TestAuth" name="test_upload_requires_auth" time="0.069" /><testcase classname="backend.tests.test_anpabelt_api.TestPostCRUD" name="test_create_edit_publish_delete" time="0.630" /><testcase classname="backend.tests.test_anpabelt_api.TestContact" name="test_valid_contact" time="0.064" /><testcase classname="backend.tests.test_anpabelt_api.TestContact" name="test_invalid_email" time="0.060" /><testcase classname="backend.tests.test_anpabelt_api.TestUpload" name="test_upload_and_serve" time="0.191" /></testsuite></testsuites>